<testsuites name="results">
  <testsuite name="all" package="all">
    <property name="random_seed" value="1730383003" />
    <testcase name="run_test_001" classname="test_moving_average" file="/home/markus/uni/esd5_project/dsp/fpga/ula_doa/tb/.venv/lib/python3.12/site-packages/cocotb/regression.py" lineno="727" time="0.026741743087768555" sim_time_ns="310.001" ratio_time="11592.400651765733">
      <failure message="Test failed with RANDOM_SEED=1730383003" />
    </testcase>
    <testcase name="run_test_002" classname="test_moving_average" file="/home/markus/uni/esd5_project/dsp/fpga/ula_doa/tb/.venv/lib/python3.12/site-packages/cocotb/regression.py" lineno="727" time="0.02562546730041504" sim_time_ns="470.001" ratio_time="18341.167967398887">
      <failure message="Test failed with RANDOM_SEED=1730383003" />
    </testcase>
  </testsuite>
</testsuites>
